<?xml version="1.0" encoding="UTF-8"?>
<testsuite name="APIAutomationFramworkATB7x"
           tests="4"
           failures="0"
           errors="0"
           skipped="0"
           time="0.180">
    <properties></properties>



            <testcase
                name="testCreateBooking"
                time="0.156"
                classname="com.thetestingacademy.tests.integration.TCIntegrationSample">
            </testcase>
            <testcase
                name="testUpdateBookingByID"
                time="0.010"
                classname="com.thetestingacademy.tests.integration.TCIntegrationSample">
            </testcase>
            <testcase
                name="testDeleteBookingById"
                time="0.006"
                classname="com.thetestingacademy.tests.integration.TCIntegrationSample">
            </testcase>
            <testcase
                name="testVerifyBookingId"
                time="0.008"
                classname="com.thetestingacademy.tests.integration.TCIntegrationSample">
            </testcase>
</testsuite>
